c:\users\perso\documents\visual studio 2015\projects\mandelbrot\mandelbrot\debug\mandelbrot.pch
c:\users\perso\documents\visual studio 2015\projects\mandelbrot\mandelbrot\debug\vc140.pdb
c:\users\perso\documents\visual studio 2015\projects\mandelbrot\mandelbrot\debug\vc140.idb
c:\users\perso\documents\visual studio 2015\projects\mandelbrot\mandelbrot\debug\stdafx.obj
c:\users\perso\documents\visual studio 2015\projects\mandelbrot\mandelbrot\debug\mandelbrot.obj
c:\users\perso\documents\visual studio 2015\projects\mandelbrot\mandelbrot\debug\mandelbrotset.obj
c:\users\perso\documents\visual studio 2015\projects\mandelbrot\debug\mandelbrot.pdb
c:\users\perso\documents\visual studio 2015\projects\mandelbrot\mandelbrot\debug\mandelbrot.tlog\cl.command.1.tlog
c:\users\perso\documents\visual studio 2015\projects\mandelbrot\mandelbrot\debug\mandelbrot.tlog\cl.read.1.tlog
c:\users\perso\documents\visual studio 2015\projects\mandelbrot\mandelbrot\debug\mandelbrot.tlog\cl.write.1.tlog
c:\users\perso\documents\visual studio 2015\projects\mandelbrot\mandelbrot\debug\mandelbrot.tlog\link-cvtres.read.1.tlog
c:\users\perso\documents\visual studio 2015\projects\mandelbrot\mandelbrot\debug\mandelbrot.tlog\link-cvtres.write.1.tlog
c:\users\perso\documents\visual studio 2015\projects\mandelbrot\mandelbrot\debug\mandelbrot.tlog\link-rc.read.1.tlog
c:\users\perso\documents\visual studio 2015\projects\mandelbrot\mandelbrot\debug\mandelbrot.tlog\link-rc.write.1.tlog
c:\users\perso\documents\visual studio 2015\projects\mandelbrot\mandelbrot\debug\mandelbrot.tlog\link.2352-cvtres.read.1.tlog
c:\users\perso\documents\visual studio 2015\projects\mandelbrot\mandelbrot\debug\mandelbrot.tlog\link.2352-cvtres.write.1.tlog
c:\users\perso\documents\visual studio 2015\projects\mandelbrot\mandelbrot\debug\mandelbrot.tlog\link.2352-rc.read.1.tlog
c:\users\perso\documents\visual studio 2015\projects\mandelbrot\mandelbrot\debug\mandelbrot.tlog\link.2352-rc.write.1.tlog
c:\users\perso\documents\visual studio 2015\projects\mandelbrot\mandelbrot\debug\mandelbrot.tlog\link.2352.read.1.tlog
c:\users\perso\documents\visual studio 2015\projects\mandelbrot\mandelbrot\debug\mandelbrot.tlog\link.2352.write.1.tlog
c:\users\perso\documents\visual studio 2015\projects\mandelbrot\mandelbrot\debug\mandelbrot.tlog\link.command.1.tlog
c:\users\perso\documents\visual studio 2015\projects\mandelbrot\mandelbrot\debug\mandelbrot.tlog\link.read.1.tlog
c:\users\perso\documents\visual studio 2015\projects\mandelbrot\mandelbrot\debug\mandelbrot.tlog\link.write.1.tlog
